<?xml version="1.0" encoding="UTF-8"?>
<testsuites name="Test Suites" time="23" tests="1" failures="0" errors="0">
   <testsuite name="Test Suites" tests="1" failures="0" errors="0" time="23" timestamp="2018-05-11 17:19:43" hostname="thaotle - SGH451QS3J.kms.com.vn" id="Test Suites/Test Suites">
      <properties>
         <property name="deviceName" value=""/>
         <property name="devicePlatform" value=""/>
         <property name="logFolder" value="C:\\Users\\thaotle\\Katalon Studio\\Sigma\\Reports\\Test Suites\\20180511_171942"/>
         <property name="logFiles" value="C:\\Users\\thaotle\\Katalon Studio\\Sigma\\Reports\\Test Suites\\20180511_171942\\execution0.log"/>
         <property name="attachments" value=""/>
         <property name="hostName" value="thaotle - SGH451QS3J.kms.com.vn"/>
         <property name="os" value="Windows 7 64bit"/>
         <property name="katalonVersion" value="5.4.1.1"/>
         <property name="browser" value="Chrome 66.0.3359.139"/>
         <property name="hostAddress" value="192.168.10.156"/>
         <property name="sessionId" value="afca2caad190d7562630827990352414"/>
         <property name="seleniumVersion" value="3.7.1"/>
         <property name="proxyInformation" value="ProxyInformation{proxyOption=NO_PROXY, proxyServerType=HTTP, password=, proxyServerAddress=, proxyServerPort=0}"/>
         <property name="platform" value="Windows 7"/>
      </properties>
      <testcase name="Test Cases/TC1/TC2" classname="Test Cases/TC1/TC2" status="PASSED">
         <system-out><![CDATA[2018-05-11 17:19:44 - [TEST_CASE][PASSED] - Test Cases/TC1/TC2: Test Cases/TC1/TC2

2018-05-11 17:19:44 - [TEST_STEP][PASSED] - openBrowser: Browser is opened with url: ''

2018-05-11 17:19:49 - [MESSAGE][PASSED] - Browser is opened with url: ''

2018-05-11 17:19:49 - [TEST_STEP][PASSED] - navigateToUrl: Navigate to 'http://13.250.134.32/subrion/' successfully

2018-05-11 17:19:50 - [MESSAGE][PASSED] - Navigate to 'http://13.250.134.32/subrion/' successfully

2018-05-11 17:19:50 - [TEST_STEP][PASSED] - click: Object: 'Object Repository/Object_Login/a_Log in' is clicked on

2018-05-11 17:19:52 - [MESSAGE][PASSED] - Object: 'Object Repository/Object_Login/a_Log in' is clicked on

2018-05-11 17:19:52 - [TEST_STEP][PASSED] - setText: Text 'katalontest' is set on object 'Object Repository/Object_Login/input_username'

2018-05-11 17:19:52 - [MESSAGE][PASSED] - Text 'katalontest' is set on object 'Object Repository/Object_Login/input_username'

2018-05-11 17:19:52 - [TEST_STEP][PASSED] - setText: Text 'katalontest@2018' is set on object 'Object Repository/Object_Login/input_password'

2018-05-11 17:19:52 - [MESSAGE][PASSED] - Text 'katalontest@2018' is set on object 'Object Repository/Object_Login/input_password'

2018-05-11 17:19:52 - [TEST_STEP][PASSED] - click: Object: 'Object Repository/Object_Login/button_Log in' is clicked on

2018-05-11 17:19:53 - [MESSAGE][PASSED] - Object: 'Object Repository/Object_Login/button_Log in' is clicked on

2018-05-11 17:19:53 - [TEST_STEP][PASSED] - click: Object: 'Object Repository/Add Blog Entry/a_Blog' is clicked on

2018-05-11 17:19:54 - [MESSAGE][PASSED] - Object: 'Object Repository/Add Blog Entry/a_Blog' is clicked on

2018-05-11 17:19:54 - [TEST_STEP][PASSED] - click: Object: 'Object Repository/Add Blog Entry/a_Add Blog Entry' is clicked on

2018-05-11 17:19:56 - [MESSAGE][PASSED] - Object: 'Object Repository/Add Blog Entry/a_Add Blog Entry' is clicked on

2018-05-11 17:19:56 - [TEST_STEP][PASSED] - sendKeys: Keys 'U23 Vietnam won U23 Irag' sent to object: 'Object Repository/Add Blog Entry/input_title'

2018-05-11 17:19:56 - [MESSAGE][PASSED] - Keys 'U23 Vietnam won U23 Irag' sent to object: 'Object Repository/Add Blog Entry/input_title'

2018-05-11 17:19:56 - [TEST_STEP][PASSED] - sendKeys: Keys 'U23 Vietnam went to the final match with U23 Uzbekistan' sent to object: 'Object Repository/Add Blog Entry/input_body'

2018-05-11 17:20:01 - [MESSAGE][PASSED] - Keys 'U23 Vietnam went to the final match with U23 Uzbekistan' sent to object: 'Object Repository/Add Blog Entry/input_body'

2018-05-11 17:20:01 - [TEST_STEP][PASSED] - sendKeys: Keys '#football' sent to object: 'Object Repository/Add Blog Entry/input_tag'

2018-05-11 17:20:01 - [MESSAGE][PASSED] - Keys '#football' sent to object: 'Object Repository/Add Blog Entry/input_tag'

2018-05-11 17:20:01 - [TEST_STEP][PASSED] - click: Object: 'Object Repository/Add Blog Entry/button_Save' is clicked on

2018-05-11 17:20:05 - [MESSAGE][PASSED] - Object: 'Object Repository/Add Blog Entry/button_Save' is clicked on

2018-05-11 17:20:05 - [TEST_STEP][PASSED] - Statement - txt_title = com.kms.katalon.core.webui.keyword.WebUiBuiltInKeywords.getText(com.kms.katalon.core.testobject.ObjectRepository.findTestObject(Verify the Blog Entry/txt_title)): Text of object 'Object Repository/Verify the Blog Entry/txt_title' is: 'U23 Vietnam won U23 Irag'

2018-05-11 17:20:05 - [MESSAGE][PASSED] - Text of object 'Object Repository/Verify the Blog Entry/txt_title' is: 'U23 Vietnam won U23 Irag'

2018-05-11 17:20:05 - [TEST_STEP][PASSED] - verifyMatch: Actual text 'U23 Vietnam won U23 Irag' and expected text 'U23 Vietnam won U23 Irag' are matched 

2018-05-11 17:20:05 - [MESSAGE][PASSED] - Actual text 'U23 Vietnam won U23 Irag' and expected text 'U23 Vietnam won U23 Irag' are matched 

2018-05-11 17:20:05 - [TEST_STEP][PASSED] - Statement - txt_content = com.kms.katalon.core.webui.keyword.WebUiBuiltInKeywords.getText(com.kms.katalon.core.testobject.ObjectRepository.findTestObject(Verify the Blog Entry/txt_content)): Text of object 'Object Repository/Verify the Blog Entry/txt_content' is: 'U23 Vietnam went to the final match with U23 Uzbekistan'

2018-05-11 17:20:05 - [MESSAGE][PASSED] - Text of object 'Object Repository/Verify the Blog Entry/txt_content' is: 'U23 Vietnam went to the final match with U23 Uzbekistan'

2018-05-11 17:20:05 - [TEST_STEP][PASSED] - verifyMatch: Actual text 'U23 Vietnam went to the final match with U23 Uzbekistan' and expected text 'U23 Vietnam went to the final match with U23 Uzbekistan' are matched 

2018-05-11 17:20:05 - [MESSAGE][PASSED] - Actual text 'U23 Vietnam went to the final match with U23 Uzbekistan' and expected text 'U23 Vietnam went to the final match with U23 Uzbekistan' are matched 

2018-05-11 17:20:05 - [TEST_STEP][PASSED] - Statement - txt_tags = com.kms.katalon.core.webui.keyword.WebUiBuiltInKeywords.getText(com.kms.katalon.core.testobject.ObjectRepository.findTestObject(Verify the Blog Entry/txt_tags)): Text of object 'Object Repository/Verify the Blog Entry/txt_tags' is: '#football'

2018-05-11 17:20:05 - [MESSAGE][PASSED] - Text of object 'Object Repository/Verify the Blog Entry/txt_tags' is: '#football'

2018-05-11 17:20:05 - [TEST_STEP][PASSED] - verifyMatch: Actual text '#football' and expected text '#football' are matched 

2018-05-11 17:20:05 - [MESSAGE][PASSED] - Actual text '#football' and expected text '#football' are matched 

2018-05-11 17:20:05 - [TEST_STEP][PASSED] - closeBrowser: Browser is closed

2018-05-11 17:20:06 - [MESSAGE][PASSED] - Browser is closed]]></system-out>
         <system-err><![CDATA[]]></system-err>
      </testcase>
      <system-out><![CDATA[2018-05-11 17:19:43 - [TEST_SUITE][PASSED] - Test Suites: Test Cases/TC1/TC2]]></system-out>
      <system-err><![CDATA[]]></system-err>
   </testsuite>
</testsuites>
