<?xml version="1.0" encoding="UTF-8"?>
<testsuites name="Test Suites" time="0" tests="1" failures="0" errors="0">
   <testsuite name="Test Suites" tests="1" failures="0" errors="0" time="0" timestamp="2018-05-14 16:32:48" hostname="thaotle - SGH451QS3J.kms.com.vn" id="Test Suites/Test Suites">
      <properties>
         <property name="deviceName" value=""/>
         <property name="devicePlatform" value=""/>
         <property name="logFolder" value="C:\\Users\\thaotle\\Katalon Studio\\Sigma\\Reports\\Test Suites\\20180514_163247"/>
         <property name="logFiles" value="C:\\Users\\thaotle\\Katalon Studio\\Sigma\\Reports\\Test Suites\\20180514_163247\\execution0.log"/>
         <property name="attachments" value=""/>
         <property name="hostName" value="thaotle - SGH451QS3J.kms.com.vn"/>
         <property name="hostAddress" value="192.168.10.156"/>
         <property name="os" value="Windows 7 64bit"/>
         <property name="katalonVersion" value="5.4.1.1"/>
      </properties>
      <testcase name="Test Cases/TC1/TC2" classname="Test Cases/TC1/TC2" status="PASSED">
         <system-out><![CDATA[2018-05-14 16:32:48 - [TEST_CASE][PASSED] - Test Cases/TC1/TC2: null]]></system-out>
         <system-err><![CDATA[]]></system-err>
      </testcase>
      <system-out><![CDATA[2018-05-14 16:32:48 - [TEST_SUITE][INCOMPLETE] - Test Suites: null]]></system-out>
      <system-err><![CDATA[2018-05-14 16:32:48 - [TEST_SUITE][INCOMPLETE] - Test Suites: null]]></system-err>
   </testsuite>
</testsuites>
