<?xml version="1.0" encoding="UTF-8"?>
<testsuites name="Test Suites" time="15" tests="1" failures="0" errors="0">
   <testsuite name="Test Suites" tests="1" failures="0" errors="0" time="15" timestamp="2018-05-15 16:41:13" hostname="thaotle - SGH451QS3J.kms.com.vn" id="Test Suites/Test Suites">
      <properties>
         <property name="deviceName" value=""/>
         <property name="devicePlatform" value=""/>
         <property name="logFolder" value="C:\\Users\\thaotle\\Katalon Studio\\Sigma\\Reports\\Test Suites\\20180515_164112"/>
         <property name="logFiles" value="C:\\Users\\thaotle\\Katalon Studio\\Sigma\\Reports\\Test Suites\\20180515_164112\\execution0.log"/>
         <property name="attachments" value=""/>
         <property name="hostName" value="thaotle - SGH451QS3J.kms.com.vn"/>
         <property name="os" value="Windows 7 64bit"/>
         <property name="katalonVersion" value="5.4.1.1"/>
         <property name="browser" value="Chrome 66.0.3359.139"/>
         <property name="hostAddress" value="192.168.10.156"/>
         <property name="sessionId" value="fa97852a3f4be30e062fcf5b701dd0c6"/>
         <property name="seleniumVersion" value="3.7.1"/>
         <property name="proxyInformation" value="ProxyInformation{proxyOption=NO_PROXY, proxyServerType=HTTP, password=, proxyServerAddress=, proxyServerPort=0}"/>
         <property name="platform" value="Windows 7"/>
      </properties>
      <testcase name="Test Cases/TC1/TC1 - Copy" classname="Test Cases/TC1/TC1 - Copy" status="PASSED">
         <system-out><![CDATA[2018-05-15 16:41:13 - [TEST_CASE][PASSED] - Test Cases/TC1/TC1 - Copy: Test Cases/TC1/TC1 - Copy

2018-05-15 16:41:14 - [TEST_STEP][PASSED] - callTestCase: Call Test Case 'Test Cases/TC1/Common TC to Sign up - Copy' successfully

2018-05-15 16:41:14 - [TEST_CASE][PASSED] - Test Cases/TC1/Common TC to Sign up - Copy: Test Cases/TC1/Common TC to Sign up - Copy

2018-05-15 16:41:14 - [TEST_STEP][PASSED] - Statement - output_username = CustomKeywords.newpackage.random_username.username(random_username): newpackage.random_username.username is PASSED

2018-05-15 16:41:14 - [MESSAGE][PASSED] - newpackage.random_username.username is PASSED

2018-05-15 16:41:14 - [TEST_STEP][PASSED] - openBrowser: Browser is opened with url: ''

2018-05-15 16:41:20 - [MESSAGE][PASSED] - Browser is opened with url: ''

2018-05-15 16:41:20 - [TEST_STEP][PASSED] - maximizeWindow: Current window maximized

2018-05-15 16:41:21 - [MESSAGE][PASSED] - Current window maximized

2018-05-15 16:41:21 - [TEST_STEP][PASSED] - navigateToUrl: Navigate to 'http://13.250.134.32/subrion/' successfully

2018-05-15 16:41:24 - [MESSAGE][PASSED] - Navigate to 'http://13.250.134.32/subrion/' successfully

2018-05-15 16:41:24 - [TEST_STEP][PASSED] - click: Object: 'Object Repository/Object_Sign up/a_Sign up' is clicked on

2018-05-15 16:41:25 - [MESSAGE][PASSED] - Object: 'Object Repository/Object_Sign up/a_Sign up' is clicked on

2018-05-15 16:41:25 - [TEST_STEP][PASSED] - waitForPageLoad: Wait for page load successfully

2018-05-15 16:41:25 - [MESSAGE][PASSED] - Wait for page load successfully

2018-05-15 16:41:25 - [TEST_STEP][PASSED] - sendKeys: Keys 'thaa180515-164114' sent to object: 'Object Repository/Object_Sign up/input_username'

2018-05-15 16:41:25 - [MESSAGE][PASSED] - Keys 'thaa180515-164114' sent to object: 'Object Repository/Object_Sign up/input_username'

2018-05-15 16:41:25 - [TEST_STEP][PASSED] - sendKeys: Keys 'thaa180515-164114' sent to object: 'Object Repository/Object_Sign up/input_fullname'

2018-05-15 16:41:25 - [MESSAGE][PASSED] - Keys 'thaa180515-164114' sent to object: 'Object Repository/Object_Sign up/input_fullname'

2018-05-15 16:41:25 - [TEST_STEP][PASSED] - sendKeys: Keys 'thaa180515-164114@gmail.com' sent to object: 'Object Repository/Object_Sign up/input_email'

2018-05-15 16:41:26 - [MESSAGE][PASSED] - Keys 'thaa180515-164114@gmail.com' sent to object: 'Object Repository/Object_Sign up/input_email'

2018-05-15 16:41:26 - [TEST_STEP][PASSED] - selectOptionByValue: All options with value '2' are selected in object 'Object Repository/Object_Sign up/cmb_gender' 

2018-05-15 16:41:26 - [MESSAGE][PASSED] - All options with value '2' are selected in object 'Object Repository/Object_Sign up/cmb_gender' 

2018-05-15 16:41:26 - [TEST_STEP][PASSED] - sendKeys: Keys 'Password01' sent to object: 'Object Repository/Object_Sign up/input_password'

2018-05-15 16:41:26 - [MESSAGE][PASSED] - Keys 'Password01' sent to object: 'Object Repository/Object_Sign up/input_password'

2018-05-15 16:41:26 - [TEST_STEP][PASSED] - sendKeys: Keys 'Password01' sent to object: 'Object Repository/Object_Sign up/input_password2'

2018-05-15 16:41:26 - [MESSAGE][PASSED] - Keys 'Password01' sent to object: 'Object Repository/Object_Sign up/input_password2'

2018-05-15 16:41:26 - [TEST_STEP][PASSED] - click: Object: 'Object Repository/Object_Sign up/button_Registration' is clicked on

2018-05-15 16:41:27 - [MESSAGE][PASSED] - Object: 'Object Repository/Object_Sign up/button_Registration' is clicked on

2018-05-15 16:41:27 - [TEST_STEP][PASSED] - Statement - message = com.kms.katalon.core.webui.keyword.WebUiBuiltInKeywords.getText(com.kms.katalon.core.testobject.ObjectRepository.findTestObject(Object_Sign up/div_message)): Text of object 'Object Repository/Object_Sign up/div_message' is: 'Member registered! Thank you!'

2018-05-15 16:41:27 - [MESSAGE][PASSED] - Text of object 'Object Repository/Object_Sign up/div_message' is: 'Member registered! Thank you!'

2018-05-15 16:41:27 - [TEST_STEP][PASSED] - verifyMatch: Actual text 'Member registered! Thank you!' and expected text 'Member registered! Thank you!' are matched 

2018-05-15 16:41:27 - [MESSAGE][PASSED] - Actual text 'Member registered! Thank you!' and expected text 'Member registered! Thank you!' are matched 

2018-05-15 16:41:27 - [MESSAGE][PASSED] - Call Test Case 'Test Cases/TC1/Common TC to Sign up - Copy' successfully

2018-05-15 16:41:27 - [TEST_STEP][PASSED] - closeBrowser: Browser is closed

2018-05-15 16:41:28 - [MESSAGE][PASSED] - Browser is closed]]></system-out>
         <system-err><![CDATA[]]></system-err>
      </testcase>
      <system-out><![CDATA[2018-05-15 16:41:13 - [TEST_SUITE][PASSED] - Test Suites: Test Cases/TC1/TC1 - Copy]]></system-out>
      <system-err><![CDATA[]]></system-err>
   </testsuite>
</testsuites>
