<?xml version="1.0" encoding="UTF-8"?>
<testsuites name="Test Suites" time="54" tests="1" failures="0" errors="0">
   <testsuite name="Test Suites" tests="1" failures="0" errors="0" time="54" timestamp="2018-05-16 16:03:32" hostname="thaotle - SGH451QS3J.kms.com.vn" id="Test Suites/Test Suites">
      <properties>
         <property name="deviceName" value=""/>
         <property name="devicePlatform" value=""/>
         <property name="logFolder" value="D:\\Katalon\\Katalon_ThaoLe\\Reports\\Test Suites\\20180516_160326"/>
         <property name="logFiles" value="D:\\Katalon\\Katalon_ThaoLe\\Reports\\Test Suites\\20180516_160326\\execution0.log"/>
         <property name="attachments" value=""/>
         <property name="hostName" value="thaotle - SGH451QS3J.kms.com.vn"/>
         <property name="os" value="Windows 7 64bit"/>
         <property name="katalonVersion" value="5.3.1.1"/>
         <property name="browser" value="Chrome 66.0.3359.139"/>
         <property name="hostAddress" value="192.168.10.156"/>
         <property name="sessionId" value="7ad308dfcb040ac40b6c63c69e63480a"/>
         <property name="seleniumVersion" value="3.7.1"/>
         <property name="proxyInformation" value="ProxyInformation{proxyOption=NO_PROXY, proxyServerType=HTTP, password=, proxyServerAddress=, proxyServerPort=0}"/>
         <property name="platform" value="Windows 7"/>
      </properties>
      <testcase name="Test Cases/Member/TC3_Only Active Member can login to system" classname="Test Cases/Member/TC3_Only Active Member can login to system" status="PASSED">
         <system-out><![CDATA[2018-05-16 16:03:33 - [TEST_CASE][PASSED] - Test Cases/Member/TC3_Only Active Member can login to system: Test Cases/Member/TC3_Only Active Member can login to system

2018-05-16 16:03:33 - [TEST_STEP][PASSED] - Statement - output_username = CustomKeywords.newpackage.random_username.username(random_username): newpackage.random_username.username is PASSED

2018-05-16 16:03:33 - [MESSAGE][PASSED] - newpackage.random_username.username is PASSED

2018-05-16 16:03:33 - [TEST_STEP][PASSED] - callTestCase: Call Test Case 'Test Cases/Common TC/Common TC to Sign up' successfully

2018-05-16 16:03:34 - [TEST_CASE][PASSED] - Test Cases/Common TC/Common TC to Sign up: Test Cases/Common TC/Common TC to Sign up

2018-05-16 16:03:34 - [TEST_STEP][PASSED] - openBrowser: Browser is opened with url: ''

2018-05-16 16:03:46 - [MESSAGE][PASSED] - Browser is opened with url: ''

2018-05-16 16:03:46 - [TEST_STEP][PASSED] - maximizeWindow: Current window maximized

2018-05-16 16:03:47 - [MESSAGE][PASSED] - Current window maximized

2018-05-16 16:03:47 - [TEST_STEP][PASSED] - navigateToUrl: Navigate to 'http://13.250.134.32/subrion/' successfully

2018-05-16 16:03:51 - [MESSAGE][PASSED] - Navigate to 'http://13.250.134.32/subrion/' successfully

2018-05-16 16:03:51 - [TEST_STEP][PASSED] - click: Object: 'Object Repository/Object_Sign up/a_Sign up' is clicked on

2018-05-16 16:03:53 - [MESSAGE][PASSED] - Object: 'Object Repository/Object_Sign up/a_Sign up' is clicked on

2018-05-16 16:03:53 - [TEST_STEP][PASSED] - waitForPageLoad: Wait for page load successfully

2018-05-16 16:03:53 - [MESSAGE][PASSED] - Wait for page load successfully

2018-05-16 16:03:53 - [TEST_STEP][PASSED] - sendKeys: Keys 'thao166180516-160333' sent to object: 'Object Repository/Object_Sign up/input_username'

2018-05-16 16:03:53 - [MESSAGE][PASSED] - Keys 'thao166180516-160333' sent to object: 'Object Repository/Object_Sign up/input_username'

2018-05-16 16:03:53 - [TEST_STEP][PASSED] - sendKeys: Keys 'Thao Le 162' sent to object: 'Object Repository/Object_Sign up/input_fullname'

2018-05-16 16:03:53 - [MESSAGE][PASSED] - Keys 'Thao Le 162' sent to object: 'Object Repository/Object_Sign up/input_fullname'

2018-05-16 16:03:53 - [TEST_STEP][PASSED] - sendKeys: Keys 'thao166180516-160333@gmail.com' sent to object: 'Object Repository/Object_Sign up/input_email'

2018-05-16 16:03:53 - [MESSAGE][PASSED] - Keys 'thao166180516-160333@gmail.com' sent to object: 'Object Repository/Object_Sign up/input_email'

2018-05-16 16:03:53 - [TEST_STEP][PASSED] - Statement - email = input_username + "@gmail.com": null

2018-05-16 16:03:53 - [TEST_STEP][PASSED] - selectOptionByValue: All options with value '2' are selected in object 'Object Repository/Object_Sign up/cmb_gender' 

2018-05-16 16:03:54 - [MESSAGE][PASSED] - All options with value '2' are selected in object 'Object Repository/Object_Sign up/cmb_gender' 

2018-05-16 16:03:54 - [TEST_STEP][PASSED] - sendKeys: Keys 'Password01' sent to object: 'Object Repository/Object_Sign up/input_password'

2018-05-16 16:03:54 - [MESSAGE][PASSED] - Keys 'Password01' sent to object: 'Object Repository/Object_Sign up/input_password'

2018-05-16 16:03:54 - [TEST_STEP][PASSED] - sendKeys: Keys 'Password01' sent to object: 'Object Repository/Object_Sign up/input_password2'

2018-05-16 16:03:54 - [MESSAGE][PASSED] - Keys 'Password01' sent to object: 'Object Repository/Object_Sign up/input_password2'

2018-05-16 16:03:54 - [TEST_STEP][PASSED] - click: Object: 'Object Repository/Object_Sign up/button_Registration' is clicked on

2018-05-16 16:03:55 - [MESSAGE][PASSED] - Object: 'Object Repository/Object_Sign up/button_Registration' is clicked on

2018-05-16 16:03:55 - [TEST_STEP][PASSED] - Statement - txt_message = com.kms.katalon.core.webui.keyword.WebUiBuiltInKeywords.getText(com.kms.katalon.core.testobject.ObjectRepository.findTestObject(Object_Sign up/txt_message)): Text of object 'Object Repository/Object_Sign up/txt_message' is: 'Member registered! Thank you!'

2018-05-16 16:03:55 - [MESSAGE][PASSED] - Text of object 'Object Repository/Object_Sign up/txt_message' is: 'Member registered! Thank you!'

2018-05-16 16:03:55 - [TEST_STEP][PASSED] - verifyMatch: Actual text 'Member registered! Thank you!' and expected text 'Member registered! Thank you!' are matched 

2018-05-16 16:03:55 - [MESSAGE][PASSED] - Actual text 'Member registered! Thank you!' and expected text 'Member registered! Thank you!' are matched 

2018-05-16 16:03:55 - [TEST_STEP][PASSED] - Statement - txt_email = com.kms.katalon.core.webui.keyword.WebUiBuiltInKeywords.getText(com.kms.katalon.core.testobject.ObjectRepository.findTestObject(Object_Sign up/txt_email)): Text of object 'Object Repository/Object_Sign up/txt_email' is: 'thao166180516-160333@gmail.com'

2018-05-16 16:03:56 - [MESSAGE][PASSED] - Text of object 'Object Repository/Object_Sign up/txt_email' is: 'thao166180516-160333@gmail.com'

2018-05-16 16:03:56 - [TEST_STEP][PASSED] - verifyMatch: Actual text 'thao166180516-160333@gmail.com' and expected text 'thao166180516-160333@gmail.com' are matched 

2018-05-16 16:03:56 - [MESSAGE][PASSED] - Actual text 'thao166180516-160333@gmail.com' and expected text 'thao166180516-160333@gmail.com' are matched 

2018-05-16 16:03:56 - [MESSAGE][PASSED] - Call Test Case 'Test Cases/Common TC/Common TC to Sign up' successfully

2018-05-16 16:03:56 - [TEST_STEP][PASSED] - click: Object: 'Object Repository/Object_Login/a_Log in' is clicked on

2018-05-16 16:03:56 - [MESSAGE][PASSED] - Object: 'Object Repository/Object_Login/a_Log in' is clicked on

2018-05-16 16:03:56 - [TEST_STEP][PASSED] - setText: Text 'thao166180516-160333' is set on object 'Object Repository/Object_Login/input_username'

2018-05-16 16:03:57 - [MESSAGE][PASSED] - Text 'thao166180516-160333' is set on object 'Object Repository/Object_Login/input_username'

2018-05-16 16:03:57 - [TEST_STEP][PASSED] - Statement - return_username = com.kms.katalon.core.webui.keyword.WebUiBuiltInKeywords.getText(com.kms.katalon.core.testobject.ObjectRepository.findTestObject(Object_Login/input_username)): Text of object 'Object Repository/Object_Login/input_username' is: ''

2018-05-16 16:03:57 - [MESSAGE][PASSED] - Text of object 'Object Repository/Object_Login/input_username' is: ''

2018-05-16 16:03:57 - [TEST_STEP][PASSED] - setText: Text 'Password01' is set on object 'Object Repository/Object_Login/input_password'

2018-05-16 16:03:57 - [MESSAGE][PASSED] - Text 'Password01' is set on object 'Object Repository/Object_Login/input_password'

2018-05-16 16:03:57 - [TEST_STEP][PASSED] - click: Object: 'Object Repository/Object_Login/btn_Login' is clicked on

2018-05-16 16:03:58 - [MESSAGE][PASSED] - Object: 'Object Repository/Object_Login/btn_Login' is clicked on

2018-05-16 16:03:58 - [TEST_STEP][PASSED] - verifyElementText: Actual text and expected text of test object 'Object Repository/Object_Login/Object_Messeage_Login Failed' are matched.

2018-05-16 16:03:58 - [MESSAGE][PASSED] - Actual text and expected text of test object 'Object Repository/Object_Login/Object_Messeage_Login Failed' are matched.

2018-05-16 16:03:58 - [TEST_STEP][PASSED] - callTestCase: Call Test Case 'Test Cases/Common TC/Common TC to Login' successfully

2018-05-16 16:03:58 - [TEST_CASE][PASSED] - Test Cases/Common TC/Common TC to Login: Test Cases/Common TC/Common TC to Login

2018-05-16 16:03:58 - [TEST_STEP][PASSED] - click: Object: 'Object Repository/Object_Login/a_Log in' is clicked on

2018-05-16 16:03:59 - [MESSAGE][PASSED] - Object: 'Object Repository/Object_Login/a_Log in' is clicked on

2018-05-16 16:03:59 - [TEST_STEP][PASSED] - setText: Text 'admin' is set on object 'Object Repository/Object_Login/input_username'

2018-05-16 16:03:59 - [MESSAGE][PASSED] - Text 'admin' is set on object 'Object Repository/Object_Login/input_username'

2018-05-16 16:03:59 - [TEST_STEP][PASSED] - setText: Text 'Katalon@2018' is set on object 'Object Repository/Object_Login/input_password'

2018-05-16 16:03:59 - [MESSAGE][PASSED] - Text 'Katalon@2018' is set on object 'Object Repository/Object_Login/input_password'

2018-05-16 16:03:59 - [TEST_STEP][PASSED] - click: Object: 'Object Repository/Object_Login/btn_Login' is clicked on

2018-05-16 16:04:00 - [MESSAGE][PASSED] - Object: 'Object Repository/Object_Login/btn_Login' is clicked on

2018-05-16 16:04:00 - [MESSAGE][PASSED] - Call Test Case 'Test Cases/Common TC/Common TC to Login' successfully

2018-05-16 16:04:00 - [TEST_STEP][PASSED] - navigateToUrl: Navigate to 'http://13.250.134.32/subrion/panel/' successfully

2018-05-16 16:04:04 - [MESSAGE][PASSED] - Navigate to 'http://13.250.134.32/subrion/panel/' successfully

2018-05-16 16:04:04 - [TEST_STEP][PASSED] - waitForPageLoad: Wait for page load successfully

2018-05-16 16:04:04 - [MESSAGE][PASSED] - Wait for page load successfully

2018-05-16 16:04:04 - [TEST_STEP][PASSED] - waitForElementNotVisible: Web element with id: 'Object Repository/Object_Active member/wait_loader' located by 'By.xpath: //*[@ip = 'js-ajax-loader-status']' not found

2018-05-16 16:04:14 - [MESSAGE][WARNING] - Web element with id: 'Object Repository/Object_Active member/wait_loader' located by 'By.xpath: //*[@ip = 'js-ajax-loader-status']' not found

2018-05-16 16:04:14 - [TEST_STEP][PASSED] - click: Object: 'Object Repository/Object_Active member/main_member' is clicked on

2018-05-16 16:04:14 - [MESSAGE][PASSED] - Object: 'Object Repository/Object_Active member/main_member' is clicked on

2018-05-16 16:04:14 - [TEST_STEP][PASSED] - click: Object: 'Object Repository/Object_Active member/sub_member' is clicked on

2018-05-16 16:04:15 - [MESSAGE][PASSED] - Object: 'Object Repository/Object_Active member/sub_member' is clicked on

2018-05-16 16:04:15 - [TEST_STEP][PASSED] - waitForPageLoad: Wait for page load successfully

2018-05-16 16:04:16 - [MESSAGE][PASSED] - Wait for page load successfully

2018-05-16 16:04:16 - [TEST_STEP][PASSED] - Statement - xpath_string = com.kms.katalon.core.webui.keyword.WebUiBuiltInKeywords.concatenate(["//div[contains(text(),'", return_username, "')]/parent::td/following-sibling::td[9]/div/i[@title="Edit"]"]): Concatenated string array: '['//div[contains(text(),'','','')]/parent::td/following-sibling::td[9]/div/i[@title="Edit"]']' into '//div[contains(text(),'')]/parent::td/following-sibling::td[9]/div/i[@title="Edit"]'

2018-05-16 16:04:16 - [MESSAGE][PASSED] - Concatenated string array: '['//div[contains(text(),'','','')]/parent::td/following-sibling::td[9]/div/i[@title="Edit"]']' into '//div[contains(text(),'')]/parent::td/following-sibling::td[9]/div/i[@title="Edit"]'

2018-05-16 16:04:16 - [TEST_STEP][PASSED] - Statement - btn_edit = new com.kms.katalon.core.testobject.TestObject(TheObjectName): null

2018-05-16 16:04:16 - [TEST_STEP][PASSED] - Statement - btn_edit.addProperty("xpath", EQUALS, xpath_string): null

2018-05-16 16:04:16 - [TEST_STEP][PASSED] - click: Object: 'TheObjectName' is clicked on

2018-05-16 16:04:18 - [MESSAGE][PASSED] - Object: 'TheObjectName' is clicked on

2018-05-16 16:04:18 - [TEST_STEP][PASSED] - selectOptionByValue: All options with value 'active' are selected in object 'Object Repository/Object_Active member/cmb_Status'  using regular expression

2018-05-16 16:04:18 - [MESSAGE][PASSED] - All options with value 'active' are selected in object 'Object Repository/Object_Active member/cmb_Status'  using regular expression

2018-05-16 16:04:18 - [TEST_STEP][PASSED] - click: Object: 'Object Repository/Object_Active member/btn_Save' is clicked on

2018-05-16 16:04:20 - [MESSAGE][PASSED] - Object: 'Object Repository/Object_Active member/btn_Save' is clicked on

2018-05-16 16:04:20 - [TEST_STEP][PASSED] - click: Object: 'Object Repository/Object_Active member/a_Logout' is clicked on

2018-05-16 16:04:22 - [MESSAGE][PASSED] - Object: 'Object Repository/Object_Active member/a_Logout' is clicked on

2018-05-16 16:04:22 - [TEST_STEP][PASSED] - navigateToUrl: Navigate to 'http://13.250.134.32/subrion/' successfully

2018-05-16 16:04:23 - [MESSAGE][PASSED] - Navigate to 'http://13.250.134.32/subrion/' successfully

2018-05-16 16:04:23 - [TEST_STEP][PASSED] - callTestCase: Call Test Case 'Test Cases/Common TC/Common TC to Login' successfully

2018-05-16 16:04:23 - [TEST_CASE][PASSED] - Test Cases/Common TC/Common TC to Login: Test Cases/Common TC/Common TC to Login

2018-05-16 16:04:23 - [TEST_STEP][PASSED] - click: Object: 'Object Repository/Object_Login/a_Log in' is clicked on

2018-05-16 16:04:24 - [MESSAGE][PASSED] - Object: 'Object Repository/Object_Login/a_Log in' is clicked on

2018-05-16 16:04:24 - [TEST_STEP][PASSED] - setText: Text 'thao166180516-160333' is set on object 'Object Repository/Object_Login/input_username'

2018-05-16 16:04:24 - [MESSAGE][PASSED] - Text 'thao166180516-160333' is set on object 'Object Repository/Object_Login/input_username'

2018-05-16 16:04:24 - [TEST_STEP][PASSED] - setText: Text 'Password01' is set on object 'Object Repository/Object_Login/input_password'

2018-05-16 16:04:24 - [MESSAGE][PASSED] - Text 'Password01' is set on object 'Object Repository/Object_Login/input_password'

2018-05-16 16:04:24 - [TEST_STEP][PASSED] - click: Object: 'Object Repository/Object_Login/btn_Login' is clicked on

2018-05-16 16:04:25 - [MESSAGE][PASSED] - Object: 'Object Repository/Object_Login/btn_Login' is clicked on

2018-05-16 16:04:25 - [MESSAGE][PASSED] - Call Test Case 'Test Cases/Common TC/Common TC to Login' successfully

2018-05-16 16:04:25 - [TEST_STEP][PASSED] - closeBrowser: Browser is closed

2018-05-16 16:04:27 - [MESSAGE][PASSED] - Browser is closed]]></system-out>
         <system-err><![CDATA[]]></system-err>
      </testcase>
      <system-out><![CDATA[2018-05-16 16:03:32 - [TEST_SUITE][PASSED] - Test Suites: Test Cases/Member/TC3_Only Active Member can login to system]]></system-out>
      <system-err><![CDATA[]]></system-err>
   </testsuite>
</testsuites>
